<?xml version="1.0" encoding="UTF-8"?>
<!-- Generated by org.testng.reporters.JUnitReportReporter -->
<testsuite skipped="0" hostname="ws48" name="NewTest" tests="1" failures="0" timestamp="20 Feb 2018 09:30:33 GMT" time="10.883" errors="0">
  <testcase name="facebookLogin" time="10.883" classname="NewTest"/>
</testsuite> <!-- NewTest -->
